<?xml version="1.0" encoding="UTF-8"?>
<!-- Generated by org.testng.reporters.JUnitReportReporter -->
<testsuite hostname="ROJA" failures="0" tests="1" name="Data.eCommerce_sumOfProducts" time="15.237" errors="0" timestamp="2025-01-25T19:48:58 IST" skipped="0">
  <testcase classname="Data.eCommerce_sumOfProducts" name="SumofProductsInCart" time="15.237"/>
</testsuite> <!-- Data.eCommerce_sumOfProducts -->
