<?xml version="1.0" encoding="UTF-8"?>
<!-- Generated by org.testng.reporters.JUnitReportReporter -->
<testsuite hostname="ROJA" failures="0" tests="1" name="Tests.eCommerce_sumOfProducts" time="21.050" errors="0" timestamp="2025-01-26T13:20:22 IST" skipped="0">
  <testcase classname="Tests.eCommerce_sumOfProducts" name="SumofProductsInCart" time="21.050"/>
</testsuite> <!-- Tests.eCommerce_sumOfProducts -->
