<?xml version="1.0" encoding="UTF-8"?>
<!-- Generated by org.testng.reporters.JUnitReportReporter -->
<testsuite hostname="ROJA" failures="0" tests="2" name="Tests.eCommerce_sumOfProducts_Dataprovider" time="13.756" errors="0" timestamp="2025-01-26T13:57:28 IST" skipped="0">
  <testcase classname="Tests.eCommerce_sumOfProducts_Dataprovider" name="SumofProductsInCart" time="3.589"/>
  <testcase classname="Tests.eCommerce_sumOfProducts_Dataprovider" name="SumofProductsInCart" time="10.167"/>
</testsuite> <!-- Tests.eCommerce_sumOfProducts_Dataprovider -->
