<?xml version="1.0" encoding="UTF-8"?>
<!-- Generated by org.testng.reporters.JUnitReportReporter -->
<testsuite hostname="ROJA" failures="0" tests="1" name="Training.eCommerce_Fillform" time="14.244" errors="0" timestamp="2025-01-06T18:39:11 IST" skipped="0">
  <testcase classname="Training.eCommerce_Fillform" name="Fillform" time="14.244"/>
</testsuite> <!-- Training.eCommerce_Fillform -->
