<?xml version="1.0" encoding="UTF-8"?>
<!-- Generated by org.testng.reporters.JUnitReportReporter -->
<testsuite hostname="DESKTOP-QJ4C6CO" failures="0" tests="1" name="Training.ElementClick" time="5.236" errors="0" timestamp="2024-12-16T18:06:54 IST" skipped="0">
  <testcase classname="Training.ElementClick" name="clickonElement" time="5.236"/>
</testsuite> <!-- Training.ElementClick -->
