<?xml version="1.0" encoding="UTF-8"?>
<!-- Generated by org.testng.reporters.JUnitReportReporter -->
<testsuite hostname="DESKTOP-QJ4C6CO" failures="0" tests="1" name="Training.SwipeDemo" time="5.085" errors="0" timestamp="2024-12-17T13:27:11 IST" skipped="0">
  <testcase classname="Training.SwipeDemo" name="SwipeDemoGesture" time="5.085"/>
</testsuite> <!-- Training.SwipeDemo -->
