<?xml version="1.0" encoding="UTF-8"?>
<!-- Generated by org.testng.reporters.JUnitReportReporter -->
<testsuite hostname="DESKTOP-QJ4C6CO" failures="0" tests="1" name="Training.LongPress" time="8.319" errors="0" timestamp="2024-12-16T19:08:49 IST" skipped="0">
  <testcase classname="Training.LongPress" name="LongPressGesture" time="8.319"/>
</testsuite> <!-- Training.LongPress -->
