<?xml version="1.0" encoding="UTF-8"?>
<!-- Generated by org.testng.reporters.JUnitReportReporter -->
<testsuite hostname="ROJA" failures="0" tests="1" name="Training.eCommerece_ScrollAndAddToCart" time="20.036" errors="0" timestamp="2025-01-10T23:01:22 IST" skipped="0">
  <testcase classname="Training.eCommerece_ScrollAndAddToCart" name="ScrollAndAddToCart" time="20.036"/>
</testsuite> <!-- Training.eCommerece_ScrollAndAddToCart -->
