<?xml version="1.0" encoding="UTF-8"?>
<!-- Generated by org.testng.reporters.JUnitReportReporter -->
<testsuite hostname="DESKTOP-QJ4C6CO" failures="0" tests="1" name="Training.ScrollDemo" time="30.558" errors="0" timestamp="2024-12-17T12:42:47 IST" skipped="0">
  <testcase classname="Training.ScrollDemo" name="ScrollDemoGesture" time="30.558"/>
</testsuite> <!-- Training.ScrollDemo -->
