<?xml version="1.0" encoding="UTF-8"?>
<!-- Generated by org.testng.reporters.JUnitReportReporter -->
<testsuite hostname="ROJA" failures="0" tests="1" name="Training.LongPress" time="9.375" errors="0" timestamp="2025-01-03T20:15:27 IST" skipped="0">
  <testcase classname="Training.LongPress" name="LongPressGesture" time="9.375"/>
</testsuite> <!-- Training.LongPress -->
