<?xml version="1.0" encoding="UTF-8"?>
<!-- Generated by org.testng.reporters.JUnitReportReporter -->
<testsuite hostname="DESKTOP-QJ4C6CO" failures="0" tests="1" name="Training.ToStartServer" time="27.325" errors="0" timestamp="2024-12-16T15:28:53 IST" skipped="0">
  <testcase classname="Training.ToStartServer" name="invoke" time="27.325"/>
</testsuite> <!-- Training.ToStartServer -->
