<?xml version="1.0" encoding="UTF-8"?>
<!-- Generated by org.testng.reporters.JUnitReportReporter -->
<testsuite hostname="ROJA" failures="0" tests="2" name="Tests.TestPositiveandNegative" time="23.386" errors="0" timestamp="2025-01-26T15:20:44 IST" skipped="0">
  <testcase classname="Tests.TestPositiveandNegative" name="FillForm_PositiveFlow" time="14.295"/>
  <testcase classname="Tests.TestPositiveandNegative" name="FillForm_ErrorValidation" time="9.091"/>
</testsuite> <!-- Tests.TestPositiveandNegative -->
